

Started GET "/orders" for 127.0.0.1 at 2013-12-18 05:39:26 -0500
Processing by OrdersController#index as HTML
  [1m[36mOrder Load (0.2ms)[0m  [1mSELECT "orders".* FROM "orders" LIMIT 2 OFFSET 0[0m
  [1m[35m (0.1ms)[0m  SELECT COUNT(*) FROM "orders" 

Completed 500 Internal Server Error in 18ms

ActiveRecord::RecordNotFound (Couldn't find Ride without an ID):
  app/controllers/orders_controller.rb:20:in `block in index'
  app/controllers/orders_controller.rb:16:in `index'


  Rendered /home/travis/.rvm/gems/ruby-2.0.0-p353/gems/actionpack-3.2.1/lib/action_dispatch/middleware/templates/rescues/_trace.erb (2.4ms)
  Rendered /home/travis/.rvm/gems/ruby-2.0.0-p353/gems/actionpack-3.2.1/lib/action_dispatch/middleware/templates/rescues/_request_and_response.erb (1.2ms)
  Rendered /home/travis/.rvm/gems/ruby-2.0.0-p353/gems/actionpack-3.2.1/lib/action_dispatch/middleware/templates/rescues/diagnostics.erb within rescues/layout (5.9ms)


Started GET "/orders" for 127.0.0.1 at 2013-12-18 05:39:59 -0500
Processing by OrdersController#index as HTML
  [1m[36mOrder Load (0.2ms)[0m  [1mSELECT "orders".* FROM "orders" LIMIT 2 OFFSET 0[0m
  [1m[35m (0.1ms)[0m  SELECT COUNT(*) FROM "orders" 
#<Order:0x007f986c349e80>
Completed 500 Internal Server Error in 16ms

ActiveRecord::RecordNotFound (Couldn't find Ride without an ID):
  app/controllers/orders_controller.rb:20:in `block in index'
  app/controllers/orders_controller.rb:16:in `index'


  Rendered /home/travis/.rvm/gems/ruby-2.0.0-p353/gems/actionpack-3.2.1/lib/action_dispatch/middleware/templates/rescues/_trace.erb (2.3ms)
  Rendered /home/travis/.rvm/gems/ruby-2.0.0-p353/gems/actionpack-3.2.1/lib/action_dispatch/middleware/templates/rescues/_request_and_response.erb (0.9ms)
  Rendered /home/travis/.rvm/gems/ruby-2.0.0-p353/gems/actionpack-3.2.1/lib/action_dispatch/middleware/templates/rescues/diagnostics.erb within rescues/layout (5.1ms)


Started GET "/orders" for 127.0.0.1 at 2013-12-18 05:44:54 -0500
Processing by OrdersController#index as HTML
  [1m[36m (0.2ms)[0m  [1mSELECT COUNT(*) FROM "orders" [0m
  [1m[35mOrder Load (0.2ms)[0m  SELECT "orders".* FROM "orders" LIMIT 2 OFFSET 0
  Rendered orders/index.html.erb within layouts/application (3872.9ms)
Completed 500 Internal Server Error in 3875ms

ActionView::Template::Error (undefined local variable or method `user' for #<#<Class:0x00000002d20f80>:0x00000002d1c728>):
    1: <h1>Listing orders</h1>
    2: <%= will_paginate @orders %>
    3: <h3>Customer Name: <%=user.fname + " " + user.lname%></h3>
    4: <table>
    5:   <tr>
    6:     <th>Quantity</th>
  app/views/orders/index.html.erb:3:in `_app_views_orders_index_html_erb___4304265303010656553_16417540'
  app/controllers/orders_controller.rb:16:in `index'


  Rendered /home/travis/.rvm/gems/ruby-2.0.0-p353/gems/actionpack-3.2.1/lib/action_dispatch/middleware/templates/rescues/_trace.erb (2.8ms)
  Rendered /home/travis/.rvm/gems/ruby-2.0.0-p353/gems/actionpack-3.2.1/lib/action_dispatch/middleware/templates/rescues/_request_and_response.erb (0.9ms)
  Rendered /home/travis/.rvm/gems/ruby-2.0.0-p353/gems/actionpack-3.2.1/lib/action_dispatch/middleware/templates/rescues/template_error.erb within rescues/layout (5.5ms)


Started POST "/orders" for 127.0.0.1 at 2013-12-18 06:03:45 -0500
Processing by OrdersController#create as HTML
  Parameters: {"utf8"=>"✓", "authenticity_token"=>"oyWrCJLkOJBuFgxVYV6ZuVH7UYPP9nCVhnX4217/7iY=", "order"=>{"quantity"=>"3", "payment"=>"PayPal"}, "commit"=>"Create Order"}
  [1m[36mUser Load (0.1ms)[0m  [1mSELECT "users".* FROM "users" WHERE "users"."id" = 13 LIMIT 1[0m
Completed 500 Internal Server Error in 47ms

ActiveRecord::RecordNotFound (Couldn't find Ride without an ID):
  app/controllers/orders_controller.rb:60:in `create'


  Rendered /home/travis/.rvm/gems/ruby-2.0.0-p353/gems/actionpack-3.2.1/lib/action_dispatch/middleware/templates/rescues/_trace.erb (2.0ms)
  Rendered /home/travis/.rvm/gems/ruby-2.0.0-p353/gems/actionpack-3.2.1/lib/action_dispatch/middleware/templates/rescues/_request_and_response.erb (0.9ms)
  Rendered /home/travis/.rvm/gems/ruby-2.0.0-p353/gems/actionpack-3.2.1/lib/action_dispatch/middleware/templates/rescues/diagnostics.erb within rescues/layout (4.6ms)


Started GET "/assets/application.js?body=1" for 127.0.0.1 at 2013-12-18 06:03:50 -0500
Served asset /application.js - 304 Not Modified (0ms)


Started GET "/assets/rails.validations.js?body=1" for 127.0.0.1 at 2013-12-18 06:03:50 -0500
Served asset /rails.validations.js - 304 Not Modified (0ms)


Started POST "/orders/new?oid=12" for 127.0.0.1 at 2013-12-18 06:05:25 -0500
Processing by OrdersController#new as HTML
  Parameters: {"authenticity_token"=>"oyWrCJLkOJBuFgxVYV6ZuVH7UYPP9nCVhnX4217/7iY=", "oid"=>"12", "id"=>"new"}
  [1m[35mUser Load (0.2ms)[0m  SELECT "users".* FROM "users" WHERE "users"."id" = 13 LIMIT 1
  [1m[36mRide Load (0.1ms)[0m  [1mSELECT "rides".* FROM "rides" WHERE "rides"."id" = ? LIMIT 1[0m  [["id", "12"]]
  Rendered orders/_form.html.erb (4.1ms)
  Rendered orders/new.html.erb within layouts/application (5.1ms)
  [1m[35mCACHE (0.0ms)[0m  SELECT "users".* FROM "users" WHERE "users"."id" = 13 LIMIT 1
Completed 200 OK in 33ms (Views: 14.2ms | ActiveRecord: 0.7ms)


Started GET "/assets/rails.validations.js?body=1" for 127.0.0.1 at 2013-12-18 06:05:25 -0500
Served asset /rails.validations.js - 304 Not Modified (0ms)


Started GET "/assets/application.js?body=1" for 127.0.0.1 at 2013-12-18 06:05:25 -0500
Served asset /application.js - 304 Not Modified (0ms)


Started POST "/orders" for 127.0.0.1 at 2013-12-18 06:05:29 -0500
Processing by OrdersController#create as HTML
  Parameters: {"utf8"=>"✓", "authenticity_token"=>"oyWrCJLkOJBuFgxVYV6ZuVH7UYPP9nCVhnX4217/7iY=", "order"=>{"quantity"=>"2", "payment"=>"PayPal", "ride_id"=>"12"}, "commit"=>"Create Order"}
  [1m[36mUser Load (0.7ms)[0m  [1mSELECT "users".* FROM "users" WHERE "users"."id" = 13 LIMIT 1[0m
  [1m[35mRide Load (0.1ms)[0m  SELECT "rides".* FROM "rides" WHERE "rides"."id" = ? LIMIT 1  [["id", "12"]]
  [1m[36m (0.1ms)[0m  [1mbegin transaction[0m
  [1m[35mSQL (23.3ms)[0m  INSERT INTO "orders" ("created_at", "payment", "price", "quantity", "ride_id", "updated_at", "user_id") VALUES (?, ?, ?, ?, ?, ?, ?)  [["created_at", Wed, 18 Dec 2013 11:05:29 UTC +00:00], ["payment", "PayPal"], ["price", nil], ["quantity", 2], ["ride_id", 12], ["updated_at", Wed, 18 Dec 2013 11:05:29 UTC +00:00], ["user_id", nil]]
  [1m[36m (309.8ms)[0m  [1mcommit transaction[0m
  [1m[35m (0.1ms)[0m  begin transaction
  [1m[36m (0.2ms)[0m  [1mUPDATE "orders" SET "user_id" = 13, "updated_at" = '2013-12-18 11:05:29.724852' WHERE "orders"."id" = 37[0m
  [1m[35m (307.9ms)[0m  commit transaction
Redirected to http://localhost:3000/orders/37
Completed 302 Found in 718ms (ActiveRecord: 642.1ms)


Started GET "/orders/37" for 127.0.0.1 at 2013-12-18 06:05:30 -0500
Processing by OrdersController#show as HTML
  Parameters: {"id"=>"37"}
  [1m[36mUser Load (0.2ms)[0m  [1mSELECT "users".* FROM "users" WHERE "users"."id" = 13 LIMIT 1[0m
  [1m[35mOrder Load (0.1ms)[0m  SELECT "orders".* FROM "orders" WHERE "orders"."id" = ? LIMIT 1  [["id", "37"]]
  [1m[36mRide Load (0.1ms)[0m  [1mSELECT "rides".* FROM "rides" WHERE "rides"."id" = ? LIMIT 1[0m  [["id", 12]]
  [1m[35mUser Load (0.1ms)[0m  SELECT "users".* FROM "users" WHERE "users"."id" = ? LIMIT 1  [["id", 13]]
  Rendered orders/show.html.erb within layouts/application (1.1ms)
  [1m[36mCACHE (0.0ms)[0m  [1mSELECT "users".* FROM "users" WHERE "users"."id" = 13 LIMIT 1[0m
Completed 200 OK in 14ms (Views: 9.7ms | ActiveRecord: 0.5ms)


Started GET "/assets/application.js?body=1" for 127.0.0.1 at 2013-12-18 06:05:30 -0500
Served asset /application.js - 304 Not Modified (0ms)


Started GET "/assets/rails.validations.js?body=1" for 127.0.0.1 at 2013-12-18 06:05:30 -0500
Served asset /rails.validations.js - 304 Not Modified (0ms)


Started GET "/orders/37" for 127.0.0.1 at 2013-12-18 06:09:44 -0500
Processing by OrdersController#show as HTML
  Parameters: {"id"=>"37"}
  [1m[35mUser Load (0.2ms)[0m  SELECT "users".* FROM "users" WHERE "users"."id" = 13 LIMIT 1
  [1m[36mOrder Load (0.1ms)[0m  [1mSELECT "orders".* FROM "orders" WHERE "orders"."id" = ? LIMIT 1[0m  [["id", "37"]]
  [1m[35mRide Load (0.1ms)[0m  SELECT "rides".* FROM "rides" WHERE "rides"."id" = ? LIMIT 1  [["id", 12]]
  [1m[36mUser Load (0.1ms)[0m  [1mSELECT "users".* FROM "users" WHERE "users"."id" = ? LIMIT 1[0m  [["id", 13]]
  Rendered orders/show.html.erb within layouts/application (1.4ms)
  [1m[35mCACHE (0.0ms)[0m  SELECT "users".* FROM "users" WHERE "users"."id" = 13 LIMIT 1
Completed 200 OK in 21ms (Views: 16.7ms | ActiveRecord: 0.4ms)


Started GET "/assets/check.css?body=1" for 127.0.0.1 at 2013-12-18 06:09:44 -0500
Served asset /check.css - 200 OK (2ms)


Started GET "/assets/carts.css?body=1" for 127.0.0.1 at 2013-12-18 06:09:44 -0500
Served asset /carts.css - 200 OK (0ms)


Started GET "/assets/line_items.css?body=1" for 127.0.0.1 at 2013-12-18 06:09:44 -0500
Served asset /line_items.css - 200 OK (4ms)


Started GET "/assets/application.css?body=1" for 127.0.0.1 at 2013-12-18 06:09:44 -0500
Served asset /application.css - 200 OK (24ms)


Started GET "/assets/orders.css?body=1" for 127.0.0.1 at 2013-12-18 06:09:44 -0500
Served asset /orders.css - 200 OK (0ms)


Started GET "/assets/posts.css?body=1" for 127.0.0.1 at 2013-12-18 06:09:44 -0500
Served asset /posts.css - 200 OK (0ms)


Started GET "/assets/rides.css?body=1" for 127.0.0.1 at 2013-12-18 06:09:44 -0500
Served asset /rides.css - 200 OK (0ms)


Started GET "/assets/pages.css?body=1" for 127.0.0.1 at 2013-12-18 06:09:44 -0500
Served asset /pages.css - 200 OK (2ms)


Started GET "/assets/scaffolds.css?body=1" for 127.0.0.1 at 2013-12-18 06:09:44 -0500
Served asset /scaffolds.css - 200 OK (0ms)


Started GET "/assets/sessions.css?body=1" for 127.0.0.1 at 2013-12-18 06:09:44 -0500
Served asset /sessions.css - 200 OK (0ms)


Started GET "/assets/types.css?body=1" for 127.0.0.1 at 2013-12-18 06:09:44 -0500
Served asset /types.css - 200 OK (0ms)


Started GET "/assets/users.css?body=1" for 127.0.0.1 at 2013-12-18 06:09:44 -0500
Served asset /users.css - 200 OK (0ms)


Started GET "/assets/weather.css?body=1" for 127.0.0.1 at 2013-12-18 06:09:44 -0500
Served asset /weather.css - 200 OK (0ms)


Started GET "/assets/application.js?body=1" for 127.0.0.1 at 2013-12-18 06:09:44 -0500
Served asset /application.js - 200 OK (0ms)


Started GET "/assets/rails.validations.js?body=1" for 127.0.0.1 at 2013-12-18 06:09:44 -0500
Served asset /rails.validations.js - 200 OK (0ms)


Started GET "/wp-content/uploads/layout-three-liquid-background1.gif" for 127.0.0.1 at 2013-12-18 06:09:44 -0500

ActionController::RoutingError (No route matches [GET] "/wp-content/uploads/layout-three-liquid-background1.gif"):
  actionpack (3.2.1) lib/action_dispatch/middleware/debug_exceptions.rb:21:in `call'
  actionpack (3.2.1) lib/action_dispatch/middleware/show_exceptions.rb:56:in `call'
  railties (3.2.1) lib/rails/rack/logger.rb:26:in `call_app'
  railties (3.2.1) lib/rails/rack/logger.rb:16:in `call'
  actionpack (3.2.1) lib/action_dispatch/middleware/request_id.rb:22:in `call'
  rack (1.4.5) lib/rack/methodoverride.rb:21:in `call'
  rack (1.4.5) lib/rack/runtime.rb:17:in `call'
  activesupport (3.2.1) lib/active_support/cache/strategy/local_cache.rb:72:in `call'
  rack (1.4.5) lib/rack/lock.rb:15:in `call'
  actionpack (3.2.1) lib/action_dispatch/middleware/static.rb:53:in `call'
  railties (3.2.1) lib/rails/engine.rb:479:in `call'
  railties (3.2.1) lib/rails/application.rb:220:in `call'
  rack (1.4.5) lib/rack/content_length.rb:14:in `call'
  railties (3.2.1) lib/rails/rack/log_tailer.rb:14:in `call'
  rack (1.4.5) lib/rack/handler/webrick.rb:59:in `service'
  /home/travis/.rvm/rubies/ruby-2.0.0-p353/lib/ruby/2.0.0/webrick/httpserver.rb:138:in `service'
  /home/travis/.rvm/rubies/ruby-2.0.0-p353/lib/ruby/2.0.0/webrick/httpserver.rb:94:in `run'
  /home/travis/.rvm/rubies/ruby-2.0.0-p353/lib/ruby/2.0.0/webrick/server.rb:295:in `block in start_thread'


  Rendered /home/travis/.rvm/gems/ruby-2.0.0-p353/gems/actionpack-3.2.1/lib/action_dispatch/middleware/templates/rescues/routing_error.erb within rescues/layout (0.6ms)


Started GET "/wp-content/uploads/layout-three-liquid-background2.gif" for 127.0.0.1 at 2013-12-18 06:09:44 -0500

ActionController::RoutingError (No route matches [GET] "/wp-content/uploads/layout-three-liquid-background2.gif"):
  actionpack (3.2.1) lib/action_dispatch/middleware/debug_exceptions.rb:21:in `call'
  actionpack (3.2.1) lib/action_dispatch/middleware/show_exceptions.rb:56:in `call'
  railties (3.2.1) lib/rails/rack/logger.rb:26:in `call_app'
  railties (3.2.1) lib/rails/rack/logger.rb:16:in `call'
  actionpack (3.2.1) lib/action_dispatch/middleware/request_id.rb:22:in `call'
  rack (1.4.5) lib/rack/methodoverride.rb:21:in `call'
  rack (1.4.5) lib/rack/runtime.rb:17:in `call'
  activesupport (3.2.1) lib/active_support/cache/strategy/local_cache.rb:72:in `call'
  rack (1.4.5) lib/rack/lock.rb:15:in `call'
  actionpack (3.2.1) lib/action_dispatch/middleware/static.rb:53:in `call'
  railties (3.2.1) lib/rails/engine.rb:479:in `call'
  railties (3.2.1) lib/rails/application.rb:220:in `call'
  rack (1.4.5) lib/rack/content_length.rb:14:in `call'
  railties (3.2.1) lib/rails/rack/log_tailer.rb:14:in `call'
  rack (1.4.5) lib/rack/handler/webrick.rb:59:in `service'
  /home/travis/.rvm/rubies/ruby-2.0.0-p353/lib/ruby/2.0.0/webrick/httpserver.rb:138:in `service'
  /home/travis/.rvm/rubies/ruby-2.0.0-p353/lib/ruby/2.0.0/webrick/httpserver.rb:94:in `run'
  /home/travis/.rvm/rubies/ruby-2.0.0-p353/lib/ruby/2.0.0/webrick/server.rb:295:in `block in start_thread'


  Rendered /home/travis/.rvm/gems/ruby-2.0.0-p353/gems/actionpack-3.2.1/lib/action_dispatch/middleware/templates/rescues/routing_error.erb within rescues/layout (0.6ms)


Started GET "/orders/37" for 127.0.0.1 at 2013-12-18 06:11:12 -0500
Processing by OrdersController#show as HTML
  Parameters: {"id"=>"37"}
  [1m[36mUser Load (1.0ms)[0m  [1mSELECT "users".* FROM "users" WHERE "users"."id" = 13 LIMIT 1[0m
  [1m[35mOrder Load (0.1ms)[0m  SELECT "orders".* FROM "orders" WHERE "orders"."id" = ? LIMIT 1  [["id", "37"]]
  [1m[36mRide Load (0.1ms)[0m  [1mSELECT "rides".* FROM "rides" WHERE "rides"."id" = ? LIMIT 1[0m  [["id", 12]]
  [1m[35mUser Load (0.2ms)[0m  SELECT "users".* FROM "users" WHERE "users"."id" = ? LIMIT 1  [["id", 13]]
  Rendered orders/show.html.erb within layouts/application (1.1ms)
  [1m[36mCACHE (0.0ms)[0m  [1mSELECT "users".* FROM "users" WHERE "users"."id" = 13 LIMIT 1[0m
Completed 200 OK in 21ms (Views: 11.6ms | ActiveRecord: 1.5ms)


Started GET "/assets/carts.css?body=1" for 127.0.0.1 at 2013-12-18 06:11:12 -0500
Served asset /carts.css - 200 OK (0ms)


Started GET "/assets/line_items.css?body=1" for 127.0.0.1 at 2013-12-18 06:11:12 -0500
Served asset /line_items.css - 200 OK (0ms)


Started GET "/assets/check.css?body=1" for 127.0.0.1 at 2013-12-18 06:11:12 -0500
Served asset /check.css - 200 OK (0ms)


Started GET "/assets/pages.css?body=1" for 127.0.0.1 at 2013-12-18 06:11:12 -0500
Served asset /pages.css - 200 OK (0ms)


Started GET "/assets/orders.css?body=1" for 127.0.0.1 at 2013-12-18 06:11:12 -0500
Served asset /orders.css - 200 OK (0ms)


Started GET "/assets/application.css?body=1" for 127.0.0.1 at 2013-12-18 06:11:12 -0500
Served asset /application.css - 200 OK (6ms)


Started GET "/assets/posts.css?body=1" for 127.0.0.1 at 2013-12-18 06:11:12 -0500
Served asset /posts.css - 200 OK (0ms)


Started GET "/assets/rides.css?body=1" for 127.0.0.1 at 2013-12-18 06:11:12 -0500
Served asset /rides.css - 200 OK (0ms)


Started GET "/assets/sessions.css?body=1" for 127.0.0.1 at 2013-12-18 06:11:12 -0500
Served asset /sessions.css - 200 OK (0ms)


Started GET "/assets/scaffolds.css?body=1" for 127.0.0.1 at 2013-12-18 06:11:12 -0500
Served asset /scaffolds.css - 200 OK (0ms)


Started GET "/assets/types.css?body=1" for 127.0.0.1 at 2013-12-18 06:11:12 -0500
Served asset /types.css - 200 OK (0ms)


Started GET "/assets/users.css?body=1" for 127.0.0.1 at 2013-12-18 06:11:12 -0500
Served asset /users.css - 200 OK (0ms)


Started GET "/assets/application.js?body=1" for 127.0.0.1 at 2013-12-18 06:11:12 -0500
Served asset /application.js - 200 OK (0ms)


Started GET "/assets/weather.css?body=1" for 127.0.0.1 at 2013-12-18 06:11:12 -0500
Served asset /weather.css - 200 OK (0ms)


Started GET "/assets/rails.validations.js?body=1" for 127.0.0.1 at 2013-12-18 06:11:12 -0500
Served asset /rails.validations.js - 200 OK (0ms)


Started GET "/wp-content/uploads/layout-three-liquid-background1.gif" for 127.0.0.1 at 2013-12-18 06:11:13 -0500

ActionController::RoutingError (No route matches [GET] "/wp-content/uploads/layout-three-liquid-background1.gif"):
  actionpack (3.2.1) lib/action_dispatch/middleware/debug_exceptions.rb:21:in `call'
  actionpack (3.2.1) lib/action_dispatch/middleware/show_exceptions.rb:56:in `call'
  railties (3.2.1) lib/rails/rack/logger.rb:26:in `call_app'
  railties (3.2.1) lib/rails/rack/logger.rb:16:in `call'
  actionpack (3.2.1) lib/action_dispatch/middleware/request_id.rb:22:in `call'
  rack (1.4.5) lib/rack/methodoverride.rb:21:in `call'
  rack (1.4.5) lib/rack/runtime.rb:17:in `call'
  activesupport (3.2.1) lib/active_support/cache/strategy/local_cache.rb:72:in `call'
  rack (1.4.5) lib/rack/lock.rb:15:in `call'
  actionpack (3.2.1) lib/action_dispatch/middleware/static.rb:53:in `call'
  railties (3.2.1) lib/rails/engine.rb:479:in `call'
  railties (3.2.1) lib/rails/application.rb:220:in `call'
  rack (1.4.5) lib/rack/content_length.rb:14:in `call'
  railties (3.2.1) lib/rails/rack/log_tailer.rb:14:in `call'
  rack (1.4.5) lib/rack/handler/webrick.rb:59:in `service'
  /home/travis/.rvm/rubies/ruby-2.0.0-p353/lib/ruby/2.0.0/webrick/httpserver.rb:138:in `service'
  /home/travis/.rvm/rubies/ruby-2.0.0-p353/lib/ruby/2.0.0/webrick/httpserver.rb:94:in `run'
  /home/travis/.rvm/rubies/ruby-2.0.0-p353/lib/ruby/2.0.0/webrick/server.rb:295:in `block in start_thread'


  Rendered /home/travis/.rvm/gems/ruby-2.0.0-p353/gems/actionpack-3.2.1/lib/action_dispatch/middleware/templates/rescues/routing_error.erb within rescues/layout (1.1ms)


Started GET "/wp-content/uploads/layout-three-liquid-background2.gif" for 127.0.0.1 at 2013-12-18 06:11:13 -0500

ActionController::RoutingError (No route matches [GET] "/wp-content/uploads/layout-three-liquid-background2.gif"):
  actionpack (3.2.1) lib/action_dispatch/middleware/debug_exceptions.rb:21:in `call'
  actionpack (3.2.1) lib/action_dispatch/middleware/show_exceptions.rb:56:in `call'
  railties (3.2.1) lib/rails/rack/logger.rb:26:in `call_app'
  railties (3.2.1) lib/rails/rack/logger.rb:16:in `call'
  actionpack (3.2.1) lib/action_dispatch/middleware/request_id.rb:22:in `call'
  rack (1.4.5) lib/rack/methodoverride.rb:21:in `call'
  rack (1.4.5) lib/rack/runtime.rb:17:in `call'
  activesupport (3.2.1) lib/active_support/cache/strategy/local_cache.rb:72:in `call'
  rack (1.4.5) lib/rack/lock.rb:15:in `call'
  actionpack (3.2.1) lib/action_dispatch/middleware/static.rb:53:in `call'
  railties (3.2.1) lib/rails/engine.rb:479:in `call'
  railties (3.2.1) lib/rails/application.rb:220:in `call'
  rack (1.4.5) lib/rack/content_length.rb:14:in `call'
  railties (3.2.1) lib/rails/rack/log_tailer.rb:14:in `call'
  rack (1.4.5) lib/rack/handler/webrick.rb:59:in `service'
  /home/travis/.rvm/rubies/ruby-2.0.0-p353/lib/ruby/2.0.0/webrick/httpserver.rb:138:in `service'
  /home/travis/.rvm/rubies/ruby-2.0.0-p353/lib/ruby/2.0.0/webrick/httpserver.rb:94:in `run'
  /home/travis/.rvm/rubies/ruby-2.0.0-p353/lib/ruby/2.0.0/webrick/server.rb:295:in `block in start_thread'


  Rendered /home/travis/.rvm/gems/ruby-2.0.0-p353/gems/actionpack-3.2.1/lib/action_dispatch/middleware/templates/rescues/routing_error.erb within rescues/layout (1.0ms)


Started GET "/orders/37" for 127.0.0.1 at 2013-12-18 06:11:56 -0500
Processing by OrdersController#show as HTML
  Parameters: {"id"=>"37"}
  [1m[35mUser Load (0.7ms)[0m  SELECT "users".* FROM "users" WHERE "users"."id" = 13 LIMIT 1
  [1m[36mOrder Load (0.2ms)[0m  [1mSELECT "orders".* FROM "orders" WHERE "orders"."id" = ? LIMIT 1[0m  [["id", "37"]]
  [1m[35mRide Load (0.3ms)[0m  SELECT "rides".* FROM "rides" WHERE "rides"."id" = ? LIMIT 1  [["id", 12]]
  [1m[36mUser Load (0.2ms)[0m  [1mSELECT "users".* FROM "users" WHERE "users"."id" = ? LIMIT 1[0m  [["id", 13]]
  Rendered orders/show.html.erb within layouts/application (1.1ms)
  [1m[35mCACHE (0.0ms)[0m  SELECT "users".* FROM "users" WHERE "users"."id" = 13 LIMIT 1
Completed 200 OK in 24ms (Views: 13.2ms | ActiveRecord: 1.4ms)


Started GET "/assets/application.css?body=1" for 127.0.0.1 at 2013-12-18 06:11:56 -0500
Served asset /application.css - 200 OK (11ms)


Started GET "/assets/carts.css?body=1" for 127.0.0.1 at 2013-12-18 06:11:56 -0500
Served asset /carts.css - 200 OK (0ms)


Started GET "/assets/line_items.css?body=1" for 127.0.0.1 at 2013-12-18 06:11:56 -0500
Served asset /line_items.css - 200 OK (0ms)


Started GET "/assets/check.css?body=1" for 127.0.0.1 at 2013-12-18 06:11:56 -0500
Served asset /check.css - 200 OK (0ms)


Started GET "/assets/orders.css?body=1" for 127.0.0.1 at 2013-12-18 06:11:56 -0500
Served asset /orders.css - 200 OK (0ms)


Started GET "/assets/pages.css?body=1" for 127.0.0.1 at 2013-12-18 06:11:56 -0500
Served asset /pages.css - 200 OK (2ms)


Started GET "/assets/posts.css?body=1" for 127.0.0.1 at 2013-12-18 06:11:56 -0500
Served asset /posts.css - 200 OK (1ms)


Started GET "/assets/scaffolds.css?body=1" for 127.0.0.1 at 2013-12-18 06:11:56 -0500
Served asset /scaffolds.css - 200 OK (0ms)


Started GET "/assets/rides.css?body=1" for 127.0.0.1 at 2013-12-18 06:11:56 -0500
Served asset /rides.css - 200 OK (0ms)


Started GET "/assets/sessions.css?body=1" for 127.0.0.1 at 2013-12-18 06:11:56 -0500
Served asset /sessions.css - 200 OK (0ms)


Started GET "/assets/types.css?body=1" for 127.0.0.1 at 2013-12-18 06:11:56 -0500
Served asset /types.css - 200 OK (0ms)


Started GET "/assets/users.css?body=1" for 127.0.0.1 at 2013-12-18 06:11:56 -0500
Served asset /users.css - 200 OK (0ms)


Started GET "/assets/weather.css?body=1" for 127.0.0.1 at 2013-12-18 06:11:56 -0500
Served asset /weather.css - 200 OK (0ms)


Started GET "/assets/application.js?body=1" for 127.0.0.1 at 2013-12-18 06:11:56 -0500
Served asset /application.js - 200 OK (0ms)


Started GET "/assets/rails.validations.js?body=1" for 127.0.0.1 at 2013-12-18 06:11:56 -0500
Served asset /rails.validations.js - 200 OK (0ms)


Started GET "/wp-content/uploads/layout-three-liquid-background1.gif" for 127.0.0.1 at 2013-12-18 06:11:57 -0500

ActionController::RoutingError (No route matches [GET] "/wp-content/uploads/layout-three-liquid-background1.gif"):
  actionpack (3.2.1) lib/action_dispatch/middleware/debug_exceptions.rb:21:in `call'
  actionpack (3.2.1) lib/action_dispatch/middleware/show_exceptions.rb:56:in `call'
  railties (3.2.1) lib/rails/rack/logger.rb:26:in `call_app'
  railties (3.2.1) lib/rails/rack/logger.rb:16:in `call'
  actionpack (3.2.1) lib/action_dispatch/middleware/request_id.rb:22:in `call'
  rack (1.4.5) lib/rack/methodoverride.rb:21:in `call'
  rack (1.4.5) lib/rack/runtime.rb:17:in `call'
  activesupport (3.2.1) lib/active_support/cache/strategy/local_cache.rb:72:in `call'
  rack (1.4.5) lib/rack/lock.rb:15:in `call'
  actionpack (3.2.1) lib/action_dispatch/middleware/static.rb:53:in `call'
  railties (3.2.1) lib/rails/engine.rb:479:in `call'
  railties (3.2.1) lib/rails/application.rb:220:in `call'
  rack (1.4.5) lib/rack/content_length.rb:14:in `call'
  railties (3.2.1) lib/rails/rack/log_tailer.rb:14:in `call'
  rack (1.4.5) lib/rack/handler/webrick.rb:59:in `service'
  /home/travis/.rvm/rubies/ruby-2.0.0-p353/lib/ruby/2.0.0/webrick/httpserver.rb:138:in `service'
  /home/travis/.rvm/rubies/ruby-2.0.0-p353/lib/ruby/2.0.0/webrick/httpserver.rb:94:in `run'
  /home/travis/.rvm/rubies/ruby-2.0.0-p353/lib/ruby/2.0.0/webrick/server.rb:295:in `block in start_thread'


  Rendered /home/travis/.rvm/gems/ruby-2.0.0-p353/gems/actionpack-3.2.1/lib/action_dispatch/middleware/templates/rescues/routing_error.erb within rescues/layout (0.8ms)


Started GET "/wp-content/uploads/layout-three-liquid-background2.gif" for 127.0.0.1 at 2013-12-18 06:11:57 -0500

ActionController::RoutingError (No route matches [GET] "/wp-content/uploads/layout-three-liquid-background2.gif"):
  actionpack (3.2.1) lib/action_dispatch/middleware/debug_exceptions.rb:21:in `call'
  actionpack (3.2.1) lib/action_dispatch/middleware/show_exceptions.rb:56:in `call'
  railties (3.2.1) lib/rails/rack/logger.rb:26:in `call_app'
  railties (3.2.1) lib/rails/rack/logger.rb:16:in `call'
  actionpack (3.2.1) lib/action_dispatch/middleware/request_id.rb:22:in `call'
  rack (1.4.5) lib/rack/methodoverride.rb:21:in `call'
  rack (1.4.5) lib/rack/runtime.rb:17:in `call'
  activesupport (3.2.1) lib/active_support/cache/strategy/local_cache.rb:72:in `call'
  rack (1.4.5) lib/rack/lock.rb:15:in `call'
  actionpack (3.2.1) lib/action_dispatch/middleware/static.rb:53:in `call'
  railties (3.2.1) lib/rails/engine.rb:479:in `call'
  railties (3.2.1) lib/rails/application.rb:220:in `call'
  rack (1.4.5) lib/rack/content_length.rb:14:in `call'
  railties (3.2.1) lib/rails/rack/log_tailer.rb:14:in `call'
  rack (1.4.5) lib/rack/handler/webrick.rb:59:in `service'
  /home/travis/.rvm/rubies/ruby-2.0.0-p353/lib/ruby/2.0.0/webrick/httpserver.rb:138:in `service'
  /home/travis/.rvm/rubies/ruby-2.0.0-p353/lib/ruby/2.0.0/webrick/httpserver.rb:94:in `run'
  /home/travis/.rvm/rubies/ruby-2.0.0-p353/lib/ruby/2.0.0/webrick/server.rb:295:in `block in start_thread'


  Rendered /home/travis/.rvm/gems/ruby-2.0.0-p353/gems/actionpack-3.2.1/lib/action_dispatch/middleware/templates/rescues/routing_error.erb within rescues/layout (0.7ms)


Started GET "/rides" for 127.0.0.1 at 2013-12-18 06:12:09 -0500
Processing by RidesController#index as HTML
  [1m[36m (0.1ms)[0m  [1mSELECT COUNT(*) FROM "rides" [0m
  Rendered rides/_search.html.erb (0.5ms)
  [1m[35mRide Load (0.2ms)[0m  SELECT "rides".* FROM "rides" LIMIT 2 OFFSET 0
  Rendered rides/index.html.erb within layouts/application (8.4ms)
  [1m[36mUser Load (0.2ms)[0m  [1mSELECT "users".* FROM "users" WHERE "users"."id" = 13 LIMIT 1[0m
Completed 200 OK in 20ms (Views: 18.4ms | ActiveRecord: 0.5ms)


Started GET "/assets/sea.jpg" for 127.0.0.1 at 2013-12-18 06:12:09 -0500
Served asset /sea.jpg - 304 Not Modified (0ms)


Started GET "/assets/jets.jpg" for 127.0.0.1 at 2013-12-18 06:12:09 -0500
Served asset /jets.jpg - 304 Not Modified (0ms)


Started POST "/orders/new?oid=13" for 127.0.0.1 at 2013-12-18 06:12:12 -0500
Processing by OrdersController#new as HTML
  Parameters: {"authenticity_token"=>"oyWrCJLkOJBuFgxVYV6ZuVH7UYPP9nCVhnX4217/7iY=", "oid"=>"13", "id"=>"new"}
  [1m[35mUser Load (0.6ms)[0m  SELECT "users".* FROM "users" WHERE "users"."id" = 13 LIMIT 1
  [1m[36mRide Load (0.1ms)[0m  [1mSELECT "rides".* FROM "rides" WHERE "rides"."id" = ? LIMIT 1[0m  [["id", "13"]]
  Rendered orders/_form.html.erb (2.8ms)
  Rendered orders/new.html.erb within layouts/application (3.4ms)
  [1m[35mCACHE (0.0ms)[0m  SELECT "users".* FROM "users" WHERE "users"."id" = 13 LIMIT 1
Completed 200 OK in 20ms (Views: 11.9ms | ActiveRecord: 0.7ms)


Started POST "/orders" for 127.0.0.1 at 2013-12-18 06:12:20 -0500
Processing by OrdersController#create as HTML
  Parameters: {"utf8"=>"✓", "authenticity_token"=>"oyWrCJLkOJBuFgxVYV6ZuVH7UYPP9nCVhnX4217/7iY=", "order"=>{"quantity"=>"14", "payment"=>"CreditCard", "ride_id"=>"13"}, "commit"=>"Create Order"}
  [1m[36mUser Load (2.0ms)[0m  [1mSELECT "users".* FROM "users" WHERE "users"."id" = 13 LIMIT 1[0m
  [1m[35mRide Load (0.1ms)[0m  SELECT "rides".* FROM "rides" WHERE "rides"."id" = ? LIMIT 1  [["id", "13"]]
  [1m[36m (0.1ms)[0m  [1mbegin transaction[0m
  [1m[35mSQL (0.4ms)[0m  INSERT INTO "orders" ("created_at", "payment", "price", "quantity", "ride_id", "updated_at", "user_id") VALUES (?, ?, ?, ?, ?, ?, ?)  [["created_at", Wed, 18 Dec 2013 11:12:20 UTC +00:00], ["payment", "CreditCard"], ["price", nil], ["quantity", 14], ["ride_id", 13], ["updated_at", Wed, 18 Dec 2013 11:12:20 UTC +00:00], ["user_id", nil]]
  [1m[36m (250.5ms)[0m  [1mcommit transaction[0m
  [1m[35m (0.2ms)[0m  begin transaction
  [1m[36m (0.4ms)[0m  [1mUPDATE "orders" SET "user_id" = 13, "updated_at" = '2013-12-18 11:12:20.750468' WHERE "orders"."id" = 38[0m
  [1m[35m (233.3ms)[0m  commit transaction
Redirected to http://localhost:3000/orders/38
Completed 302 Found in 506ms (ActiveRecord: 487.1ms)


Started GET "/orders/38" for 127.0.0.1 at 2013-12-18 06:12:20 -0500
Processing by OrdersController#show as HTML
  Parameters: {"id"=>"38"}
  [1m[36mUser Load (0.2ms)[0m  [1mSELECT "users".* FROM "users" WHERE "users"."id" = 13 LIMIT 1[0m
  [1m[35mOrder Load (0.1ms)[0m  SELECT "orders".* FROM "orders" WHERE "orders"."id" = ? LIMIT 1  [["id", "38"]]
  [1m[36mRide Load (0.1ms)[0m  [1mSELECT "rides".* FROM "rides" WHERE "rides"."id" = ? LIMIT 1[0m  [["id", 13]]
  [1m[35mUser Load (0.1ms)[0m  SELECT "users".* FROM "users" WHERE "users"."id" = ? LIMIT 1  [["id", 13]]
  Rendered orders/show.html.erb within layouts/application (0.2ms)
  [1m[36mCACHE (0.0ms)[0m  [1mSELECT "users".* FROM "users" WHERE "users"."id" = 13 LIMIT 1[0m
Completed 200 OK in 12ms (Views: 8.8ms | ActiveRecord: 0.4ms)


Started GET "/" for 127.0.0.1 at 2013-12-18 14:20:45 +0300
Processing by PagesController#home as HTML
  Rendered pages/home.html.erb within layouts/application (5.0ms)
  [1m[36mUser Load (0.0ms)[0m  [1mSELECT "users".* FROM "users" WHERE "users"."id" = 13 LIMIT 1[0m
Completed 200 OK in 145ms (Views: 128.0ms | ActiveRecord: 17.0ms)


Started GET "/assets/check.css?body=1" for 127.0.0.1 at 2013-12-18 14:20:45 +0300
Served asset /check.css - 304 Not Modified (8ms)


Started GET "/assets/application.css?body=1" for 127.0.0.1 at 2013-12-18 14:20:45 +0300
Served asset /application.css - 304 Not Modified (27ms)


Started GET "/assets/line_items.css?body=1" for 127.0.0.1 at 2013-12-18 14:20:45 +0300
Served asset /line_items.css - 304 Not Modified (23ms)


Started GET "/assets/pages.css?body=1" for 127.0.0.1 at 2013-12-18 14:20:45 +0300
Served asset /pages.css - 304 Not Modified (3ms)


Started GET "/assets/orders.css?body=1" for 127.0.0.1 at 2013-12-18 14:20:45 +0300
Served asset /orders.css - 304 Not Modified (3ms)


Started GET "/assets/carts.css?body=1" for 127.0.0.1 at 2013-12-18 14:20:45 +0300
Served asset /carts.css - 304 Not Modified (2ms)


Started GET "/assets/posts.css?body=1" for 127.0.0.1 at 2013-12-18 14:20:45 +0300
Served asset /posts.css - 304 Not Modified (8ms)


Started GET "/assets/rides.css?body=1" for 127.0.0.1 at 2013-12-18 14:20:45 +0300
Served asset /rides.css - 304 Not Modified (10ms)


Started GET "/assets/scaffolds.css?body=1" for 127.0.0.1 at 2013-12-18 14:20:45 +0300
Served asset /scaffolds.css - 304 Not Modified (9ms)


Started GET "/assets/sessions.css?body=1" for 127.0.0.1 at 2013-12-18 14:20:45 +0300
Served asset /sessions.css - 304 Not Modified (4ms)


Started GET "/assets/types.css?body=1" for 127.0.0.1 at 2013-12-18 14:20:45 +0300
Served asset /types.css - 304 Not Modified (4ms)


Started GET "/assets/users.css?body=1" for 127.0.0.1 at 2013-12-18 14:20:45 +0300
Served asset /users.css - 304 Not Modified (22ms)


Started GET "/assets/weather.css?body=1" for 127.0.0.1 at 2013-12-18 14:20:46 +0300
Served asset /weather.css - 304 Not Modified (5ms)


Started GET "/assets/application.js?body=1" for 127.0.0.1 at 2013-12-18 14:20:46 +0300
Served asset /application.js - 200 OK (10ms)


Started GET "/assets/rails.validations.js?body=1" for 127.0.0.1 at 2013-12-18 14:20:46 +0300
Served asset /rails.validations.js - 304 Not Modified (4ms)


Started GET "/wp-content/uploads/layout-three-liquid-background1.gif" for 127.0.0.1 at 2013-12-18 14:20:46 +0300

ActionController::RoutingError (No route matches [GET] "/wp-content/uploads/layout-three-liquid-background1.gif"):
  actionpack (3.2.1) lib/action_dispatch/middleware/debug_exceptions.rb:21:in `call'
  actionpack (3.2.1) lib/action_dispatch/middleware/show_exceptions.rb:56:in `call'
  railties (3.2.1) lib/rails/rack/logger.rb:26:in `call_app'
  railties (3.2.1) lib/rails/rack/logger.rb:16:in `call'
  actionpack (3.2.1) lib/action_dispatch/middleware/request_id.rb:22:in `call'
  rack (1.4.5) lib/rack/methodoverride.rb:21:in `call'
  rack (1.4.5) lib/rack/runtime.rb:17:in `call'
  activesupport (3.2.1) lib/active_support/cache/strategy/local_cache.rb:72:in `call'
  rack (1.4.5) lib/rack/lock.rb:15:in `call'
  actionpack (3.2.1) lib/action_dispatch/middleware/static.rb:53:in `call'
  railties (3.2.1) lib/rails/engine.rb:479:in `call'
  railties (3.2.1) lib/rails/application.rb:220:in `call'
  rack (1.4.5) lib/rack/content_length.rb:14:in `call'
  railties (3.2.1) lib/rails/rack/log_tailer.rb:14:in `call'
  rack (1.4.5) lib/rack/handler/webrick.rb:59:in `service'
  C:/RailsInstaller/Ruby1.9.3/lib/ruby/1.9.1/webrick/httpserver.rb:138:in `service'
  C:/RailsInstaller/Ruby1.9.3/lib/ruby/1.9.1/webrick/httpserver.rb:94:in `run'
  C:/RailsInstaller/Ruby1.9.3/lib/ruby/1.9.1/webrick/server.rb:191:in `block in start_thread'


  Rendered C:/RailsInstaller/Ruby1.9.3/lib/ruby/gems/1.9.1/gems/actionpack-3.2.1/lib/action_dispatch/middleware/templates/rescues/routing_error.erb within rescues/layout (0.0ms)


Started GET "/wp-content/uploads/layout-three-liquid-background2.gif" for 127.0.0.1 at 2013-12-18 14:20:46 +0300

ActionController::RoutingError (No route matches [GET] "/wp-content/uploads/layout-three-liquid-background2.gif"):
  actionpack (3.2.1) lib/action_dispatch/middleware/debug_exceptions.rb:21:in `call'
  actionpack (3.2.1) lib/action_dispatch/middleware/show_exceptions.rb:56:in `call'
  railties (3.2.1) lib/rails/rack/logger.rb:26:in `call_app'
  railties (3.2.1) lib/rails/rack/logger.rb:16:in `call'
  actionpack (3.2.1) lib/action_dispatch/middleware/request_id.rb:22:in `call'
  rack (1.4.5) lib/rack/methodoverride.rb:21:in `call'
  rack (1.4.5) lib/rack/runtime.rb:17:in `call'
  activesupport (3.2.1) lib/active_support/cache/strategy/local_cache.rb:72:in `call'
  rack (1.4.5) lib/rack/lock.rb:15:in `call'
  actionpack (3.2.1) lib/action_dispatch/middleware/static.rb:53:in `call'
  railties (3.2.1) lib/rails/engine.rb:479:in `call'
  railties (3.2.1) lib/rails/application.rb:220:in `call'
  rack (1.4.5) lib/rack/content_length.rb:14:in `call'
  railties (3.2.1) lib/rails/rack/log_tailer.rb:14:in `call'
  rack (1.4.5) lib/rack/handler/webrick.rb:59:in `service'
  C:/RailsInstaller/Ruby1.9.3/lib/ruby/1.9.1/webrick/httpserver.rb:138:in `service'
  C:/RailsInstaller/Ruby1.9.3/lib/ruby/1.9.1/webrick/httpserver.rb:94:in `run'
  C:/RailsInstaller/Ruby1.9.3/lib/ruby/1.9.1/webrick/server.rb:191:in `block in start_thread'


  Rendered C:/RailsInstaller/Ruby1.9.3/lib/ruby/gems/1.9.1/gems/actionpack-3.2.1/lib/action_dispatch/middleware/templates/rescues/routing_error.erb within rescues/layout (0.0ms)


Started GET "/rides" for 127.0.0.1 at 2013-12-18 14:20:50 +0300
Processing by RidesController#index as HTML
  [1m[35m (0.0ms)[0m  SELECT COUNT(*) FROM "rides" 
  Rendered rides/_search.html.erb (1.0ms)
  [1m[36mRide Load (1.0ms)[0m  [1mSELECT "rides".* FROM "rides" LIMIT 2 OFFSET 0[0m
  Rendered rides/index.html.erb within layouts/application (34.0ms)
  [1m[35mUser Load (1.0ms)[0m  SELECT "users".* FROM "users" WHERE "users"."id" = 13 LIMIT 1
Completed 200 OK in 81ms (Views: 78.0ms | ActiveRecord: 2.0ms)


Started GET "/assets/carts.css?body=1" for 127.0.0.1 at 2013-12-18 14:20:50 +0300
Served asset /carts.css - 304 Not Modified (1ms)


Started GET "/assets/application.css?body=1" for 127.0.0.1 at 2013-12-18 14:20:50 +0300
Served asset /application.css - 304 Not Modified (9ms)


Started GET "/assets/check.css?body=1" for 127.0.0.1 at 2013-12-18 14:20:51 +0300
Served asset /check.css - 304 Not Modified (10ms)


Started GET "/assets/orders.css?body=1" for 127.0.0.1 at 2013-12-18 14:20:51 +0300
Served asset /orders.css - 304 Not Modified (0ms)


Started GET "/assets/pages.css?body=1" for 127.0.0.1 at 2013-12-18 14:20:51 +0300
Served asset /pages.css - 304 Not Modified (0ms)


Started GET "/assets/line_items.css?body=1" for 127.0.0.1 at 2013-12-18 14:20:51 +0300
Served asset /line_items.css - 304 Not Modified (2ms)


Started GET "/assets/posts.css?body=1" for 127.0.0.1 at 2013-12-18 14:20:51 +0300
Served asset /posts.css - 304 Not Modified (0ms)


Started GET "/assets/rides.css?body=1" for 127.0.0.1 at 2013-12-18 14:20:51 +0300
Served asset /rides.css - 304 Not Modified (0ms)


Started GET "/assets/scaffolds.css?body=1" for 127.0.0.1 at 2013-12-18 14:20:51 +0300
Served asset /scaffolds.css - 304 Not Modified (1ms)


Started GET "/assets/sessions.css?body=1" for 127.0.0.1 at 2013-12-18 14:20:51 +0300
Served asset /sessions.css - 304 Not Modified (1ms)


Started GET "/assets/users.css?body=1" for 127.0.0.1 at 2013-12-18 14:20:51 +0300
Served asset /users.css - 304 Not Modified (0ms)


Started GET "/assets/types.css?body=1" for 127.0.0.1 at 2013-12-18 14:20:51 +0300
Served asset /types.css - 304 Not Modified (2ms)


Started GET "/assets/weather.css?body=1" for 127.0.0.1 at 2013-12-18 14:20:51 +0300
Served asset /weather.css - 304 Not Modified (2ms)


Started GET "/assets/rails.validations.js?body=1" for 127.0.0.1 at 2013-12-18 14:20:51 +0300
Served asset /rails.validations.js - 304 Not Modified (0ms)


Started GET "/assets/sea.jpg" for 127.0.0.1 at 2013-12-18 14:20:51 +0300
Served asset /sea.jpg - 304 Not Modified (46ms)


Started GET "/assets/jets.jpg" for 127.0.0.1 at 2013-12-18 14:20:51 +0300
Served asset /jets.jpg - 304 Not Modified (5ms)


Started POST "/orders/new?oid=12" for 127.0.0.1 at 2013-12-18 14:21:07 +0300
Processing by OrdersController#new as HTML
  Parameters: {"authenticity_token"=>"M1/MvOkA+pSZ9UbUBo6W6Sng0jVlRXUUf9r3pC1I1n8=", "oid"=>"12", "id"=>"new"}
  [1m[36mUser Load (0.0ms)[0m  [1mSELECT "users".* FROM "users" WHERE "users"."id" = 13 LIMIT 1[0m
  [1m[35mRide Load (0.0ms)[0m  SELECT "rides".* FROM "rides" WHERE "rides"."id" = ? LIMIT 1  [["id", "12"]]
  Rendered orders/_form.html.erb (6.0ms)
  Rendered orders/new.html.erb within layouts/application (10.0ms)
  [1m[36mCACHE (0.0ms)[0m  [1mSELECT "users".* FROM "users" WHERE "users"."id" = 13 LIMIT 1[0m
Completed 200 OK in 73ms (Views: 57.0ms | ActiveRecord: 0.0ms)


Started GET "/assets/application.css?body=1" for 127.0.0.1 at 2013-12-18 14:21:07 +0300
Served asset /application.css - 304 Not Modified (6ms)


Started GET "/assets/carts.css?body=1" for 127.0.0.1 at 2013-12-18 14:21:07 +0300
Served asset /carts.css - 304 Not Modified (0ms)


Started GET "/assets/orders.css?body=1" for 127.0.0.1 at 2013-12-18 14:21:08 +0300
Served asset /orders.css - 304 Not Modified (17ms)


Started GET "/assets/check.css?body=1" for 127.0.0.1 at 2013-12-18 14:21:08 +0300
Served asset /check.css - 304 Not Modified (3ms)


Started GET "/assets/line_items.css?body=1" for 127.0.0.1 at 2013-12-18 14:21:08 +0300
Served asset /line_items.css - 304 Not Modified (0ms)


Started GET "/assets/pages.css?body=1" for 127.0.0.1 at 2013-12-18 14:21:08 +0300
Served asset /pages.css - 304 Not Modified (0ms)


Started GET "/assets/posts.css?body=1" for 127.0.0.1 at 2013-12-18 14:21:08 +0300
Served asset /posts.css - 304 Not Modified (0ms)


Started GET "/assets/rides.css?body=1" for 127.0.0.1 at 2013-12-18 14:21:08 +0300
Served asset /rides.css - 304 Not Modified (0ms)


Started GET "/assets/scaffolds.css?body=1" for 127.0.0.1 at 2013-12-18 14:21:08 +0300
Served asset /scaffolds.css - 304 Not Modified (2ms)


Started GET "/assets/sessions.css?body=1" for 127.0.0.1 at 2013-12-18 14:21:08 +0300
Served asset /sessions.css - 304 Not Modified (0ms)


Started GET "/assets/types.css?body=1" for 127.0.0.1 at 2013-12-18 14:21:08 +0300
Served asset /types.css - 304 Not Modified (4ms)


Started GET "/assets/users.css?body=1" for 127.0.0.1 at 2013-12-18 14:21:08 +0300
Served asset /users.css - 304 Not Modified (1ms)


Started GET "/assets/weather.css?body=1" for 127.0.0.1 at 2013-12-18 14:21:08 +0300
Served asset /weather.css - 304 Not Modified (0ms)


Started GET "/assets/rails.validations.js?body=1" for 127.0.0.1 at 2013-12-18 14:21:08 +0300
Served asset /rails.validations.js - 304 Not Modified (0ms)


Started POST "/orders" for 127.0.0.1 at 2013-12-18 14:21:11 +0300
Processing by OrdersController#create as HTML
  Parameters: {"utf8"=>"✓", "authenticity_token"=>"M1/MvOkA+pSZ9UbUBo6W6Sng0jVlRXUUf9r3pC1I1n8=", "order"=>{"quantity"=>"1", "payment"=>"PayPal", "ride_id"=>"12"}, "commit"=>"Create Order"}
  [1m[35mUser Load (1.0ms)[0m  SELECT "users".* FROM "users" WHERE "users"."id" = 13 LIMIT 1
  [1m[36mRide Load (1.0ms)[0m  [1mSELECT "rides".* FROM "rides" WHERE "rides"."id" = ? LIMIT 1[0m  [["id", "12"]]
  [1m[35m (0.0ms)[0m  begin transaction
  [1m[36mSQL (22.0ms)[0m  [1mINSERT INTO "orders" ("created_at", "payment", "price", "quantity", "ride_id", "updated_at", "user_id") VALUES (?, ?, ?, ?, ?, ?, ?)[0m  [["created_at", Wed, 18 Dec 2013 11:21:11 UTC +00:00], ["payment", "PayPal"], ["price", nil], ["quantity", 1], ["ride_id", 12], ["updated_at", Wed, 18 Dec 2013 11:21:11 UTC +00:00], ["user_id", nil]]
  [1m[35m (12.0ms)[0m  commit transaction
  [1m[36m (1.0ms)[0m  [1mbegin transaction[0m
  [1m[35m (0.0ms)[0m  UPDATE "orders" SET "user_id" = 13, "updated_at" = '2013-12-18 11:21:11.722358' WHERE "orders"."id" = 39
  [1m[36m (11.0ms)[0m  [1mcommit transaction[0m
Redirected to http://localhost:3000/orders/39
Completed 302 Found in 129ms (ActiveRecord: 48.0ms)


Started GET "/orders/39" for 127.0.0.1 at 2013-12-18 14:21:11 +0300
Processing by OrdersController#show as HTML
  Parameters: {"id"=>"39"}
  [1m[35mUser Load (1.0ms)[0m  SELECT "users".* FROM "users" WHERE "users"."id" = 13 LIMIT 1
  [1m[36mOrder Load (1.0ms)[0m  [1mSELECT "orders".* FROM "orders" WHERE "orders"."id" = ? LIMIT 1[0m  [["id", "39"]]
  [1m[35mRide Load (0.0ms)[0m  SELECT "rides".* FROM "rides" WHERE "rides"."id" = ? LIMIT 1  [["id", 12]]
  [1m[36mUser Load (0.0ms)[0m  [1mSELECT "users".* FROM "users" WHERE "users"."id" = ? LIMIT 1[0m  [["id", 13]]
  Rendered orders/show.html.erb within layouts/application (1.0ms)
  [1m[35mCACHE (0.0ms)[0m  SELECT "users".* FROM "users" WHERE "users"."id" = 13 LIMIT 1
Completed 200 OK in 49ms (Views: 44.0ms | ActiveRecord: 2.0ms)


Started GET "/assets/application.css?body=1" for 127.0.0.1 at 2013-12-18 14:21:11 +0300
Served asset /application.css - 304 Not Modified (9ms)


Started GET "/assets/carts.css?body=1" for 127.0.0.1 at 2013-12-18 14:21:11 +0300
Served asset /carts.css - 304 Not Modified (1ms)


Started GET "/assets/check.css?body=1" for 127.0.0.1 at 2013-12-18 14:21:12 +0300
Served asset /check.css - 304 Not Modified (2ms)


Started GET "/assets/orders.css?body=1" for 127.0.0.1 at 2013-12-18 14:21:12 +0300
Served asset /orders.css - 304 Not Modified (3ms)


Started GET "/assets/line_items.css?body=1" for 127.0.0.1 at 2013-12-18 14:21:12 +0300
Served asset /line_items.css - 304 Not Modified (3ms)


Started GET "/assets/pages.css?body=1" for 127.0.0.1 at 2013-12-18 14:21:12 +0300
Served asset /pages.css - 304 Not Modified (1ms)


Started GET "/assets/posts.css?body=1" for 127.0.0.1 at 2013-12-18 14:21:12 +0300
Served asset /posts.css - 304 Not Modified (0ms)


Started GET "/assets/rides.css?body=1" for 127.0.0.1 at 2013-12-18 14:21:12 +0300
Served asset /rides.css - 304 Not Modified (0ms)


Started GET "/assets/scaffolds.css?body=1" for 127.0.0.1 at 2013-12-18 14:21:12 +0300
Served asset /scaffolds.css - 304 Not Modified (2ms)


Started GET "/assets/sessions.css?body=1" for 127.0.0.1 at 2013-12-18 14:21:12 +0300
Served asset /sessions.css - 304 Not Modified (3ms)


Started GET "/assets/types.css?body=1" for 127.0.0.1 at 2013-12-18 14:21:12 +0300
Served asset /types.css - 304 Not Modified (6ms)


Started GET "/assets/weather.css?body=1" for 127.0.0.1 at 2013-12-18 14:21:12 +0300
Served asset /weather.css - 304 Not Modified (0ms)


Started GET "/assets/users.css?body=1" for 127.0.0.1 at 2013-12-18 14:21:12 +0300
Served asset /users.css - 304 Not Modified (2ms)


Started GET "/assets/rails.validations.js?body=1" for 127.0.0.1 at 2013-12-18 14:21:12 +0300
Served asset /rails.validations.js - 304 Not Modified (0ms)


Started GET "/assets/application.css?body=1" for 127.0.0.1 at 2013-12-18 14:22:36 +0300
Served asset /application.css - 304 Not Modified (64ms)


Started GET "/assets/carts.css?body=1" for 127.0.0.1 at 2013-12-18 14:22:36 +0300
Served asset /carts.css - 304 Not Modified (2ms)


Started GET "/assets/check.css?body=1" for 127.0.0.1 at 2013-12-18 14:22:36 +0300
Served asset /check.css - 304 Not Modified (0ms)


Started GET "/assets/line_items.css?body=1" for 127.0.0.1 at 2013-12-18 14:22:36 +0300
Served asset /line_items.css - 304 Not Modified (0ms)


Started GET "/assets/orders.css?body=1" for 127.0.0.1 at 2013-12-18 14:22:36 +0300
Served asset /orders.css - 304 Not Modified (2ms)


Started GET "/assets/pages.css?body=1" for 127.0.0.1 at 2013-12-18 14:22:36 +0300
Served asset /pages.css - 304 Not Modified (1ms)


Started GET "/assets/posts.css?body=1" for 127.0.0.1 at 2013-12-18 14:22:36 +0300
Served asset /posts.css - 304 Not Modified (6ms)


Started GET "/assets/rides.css?body=1" for 127.0.0.1 at 2013-12-18 14:22:36 +0300
Served asset /rides.css - 304 Not Modified (0ms)


Started GET "/assets/scaffolds.css?body=1" for 127.0.0.1 at 2013-12-18 14:22:36 +0300
Served asset /scaffolds.css - 304 Not Modified (1ms)


Started GET "/assets/sessions.css?body=1" for 127.0.0.1 at 2013-12-18 14:22:36 +0300
Served asset /sessions.css - 304 Not Modified (0ms)


Started GET "/assets/types.css?body=1" for 127.0.0.1 at 2013-12-18 14:22:36 +0300
Served asset /types.css - 304 Not Modified (3ms)


Started GET "/assets/users.css?body=1" for 127.0.0.1 at 2013-12-18 14:22:36 +0300
Served asset /users.css - 304 Not Modified (0ms)


Started GET "/assets/weather.css?body=1" for 127.0.0.1 at 2013-12-18 14:22:37 +0300
Served asset /weather.css - 304 Not Modified (2ms)


Started GET "/assets/rails.validations.js?body=1" for 127.0.0.1 at 2013-12-18 14:22:37 +0300
Served asset /rails.validations.js - 304 Not Modified (4ms)


Started POST "/orders" for 127.0.0.1 at 2013-12-18 14:23:30 +0300
Processing by OrdersController#create as HTML
  Parameters: {"utf8"=>"✓", "authenticity_token"=>"M1/MvOkA+pSZ9UbUBo6W6Sng0jVlRXUUf9r3pC1I1n8=", "order"=>{"quantity"=>"2", "payment"=>"PayPal", "ride_id"=>"12"}, "commit"=>"Create Order"}
  [1m[36mUser Load (0.0ms)[0m  [1mSELECT "users".* FROM "users" WHERE "users"."id" = 13 LIMIT 1[0m
  [1m[35mRide Load (0.0ms)[0m  SELECT "rides".* FROM "rides" WHERE "rides"."id" = ? LIMIT 1  [["id", "12"]]
  [1m[36m (0.0ms)[0m  [1mbegin transaction[0m
  [1m[35mSQL (12.0ms)[0m  INSERT INTO "orders" ("created_at", "payment", "price", "quantity", "ride_id", "updated_at", "user_id") VALUES (?, ?, ?, ?, ?, ?, ?)  [["created_at", Wed, 18 Dec 2013 11:23:30 UTC +00:00], ["payment", "PayPal"], ["price", nil], ["quantity", 2], ["ride_id", 12], ["updated_at", Wed, 18 Dec 2013 11:23:30 UTC +00:00], ["user_id", nil]]
  [1m[36m (11.0ms)[0m  [1mcommit transaction[0m
  [1m[35m (0.0ms)[0m  begin transaction
  [1m[36m (1.0ms)[0m  [1mUPDATE "orders" SET "user_id" = 13, "updated_at" = '2013-12-18 11:23:30.711308' WHERE "orders"."id" = 40[0m
  [1m[35m (6.0ms)[0m  commit transaction
Redirected to http://localhost:3000/orders/40
Completed 302 Found in 43ms (ActiveRecord: 30.0ms)


Started GET "/orders/40" for 127.0.0.1 at 2013-12-18 14:23:30 +0300
Processing by OrdersController#show as HTML
  Parameters: {"id"=>"40"}
  [1m[36mUser Load (0.0ms)[0m  [1mSELECT "users".* FROM "users" WHERE "users"."id" = 13 LIMIT 1[0m
  [1m[35mOrder Load (0.0ms)[0m  SELECT "orders".* FROM "orders" WHERE "orders"."id" = ? LIMIT 1  [["id", "40"]]
  [1m[36mRide Load (0.0ms)[0m  [1mSELECT "rides".* FROM "rides" WHERE "rides"."id" = ? LIMIT 1[0m  [["id", 12]]
  [1m[35mUser Load (0.0ms)[0m  SELECT "users".* FROM "users" WHERE "users"."id" = ? LIMIT 1  [["id", 13]]
  Rendered orders/show.html.erb within layouts/application (0.0ms)
  [1m[36mCACHE (0.0ms)[0m  [1mSELECT "users".* FROM "users" WHERE "users"."id" = 13 LIMIT 1[0m
Completed 200 OK in 27ms (Views: 23.0ms | ActiveRecord: 0.0ms)


Started GET "/assets/application.css?body=1" for 127.0.0.1 at 2013-12-18 14:23:30 +0300
Served asset /application.css - 304 Not Modified (40ms)


Started GET "/assets/carts.css?body=1" for 127.0.0.1 at 2013-12-18 14:23:30 +0300
Served asset /carts.css - 304 Not Modified (1ms)


Started GET "/assets/line_items.css?body=1" for 127.0.0.1 at 2013-12-18 14:23:31 +0300
Served asset /line_items.css - 304 Not Modified (0ms)


Started GET "/assets/check.css?body=1" for 127.0.0.1 at 2013-12-18 14:23:31 +0300
Served asset /check.css - 304 Not Modified (0ms)


Started GET "/assets/orders.css?body=1" for 127.0.0.1 at 2013-12-18 14:23:31 +0300
Served asset /orders.css - 304 Not Modified (2ms)


Started GET "/assets/pages.css?body=1" for 127.0.0.1 at 2013-12-18 14:23:31 +0300
Served asset /pages.css - 304 Not Modified (0ms)


Started GET "/assets/posts.css?body=1" for 127.0.0.1 at 2013-12-18 14:23:31 +0300
Served asset /posts.css - 304 Not Modified (1ms)


Started GET "/assets/rides.css?body=1" for 127.0.0.1 at 2013-12-18 14:23:31 +0300
Served asset /rides.css - 304 Not Modified (0ms)


Started GET "/assets/scaffolds.css?body=1" for 127.0.0.1 at 2013-12-18 14:23:31 +0300
Served asset /scaffolds.css - 304 Not Modified (1ms)


Started GET "/assets/sessions.css?body=1" for 127.0.0.1 at 2013-12-18 14:23:31 +0300
Served asset /sessions.css - 304 Not Modified (1ms)


Started GET "/assets/types.css?body=1" for 127.0.0.1 at 2013-12-18 14:23:31 +0300
Served asset /types.css - 304 Not Modified (3ms)


Started GET "/assets/users.css?body=1" for 127.0.0.1 at 2013-12-18 14:23:31 +0300
Served asset /users.css - 304 Not Modified (3ms)


Started GET "/assets/weather.css?body=1" for 127.0.0.1 at 2013-12-18 14:23:31 +0300
Served asset /weather.css - 304 Not Modified (1ms)


Started GET "/assets/rails.validations.js?body=1" for 127.0.0.1 at 2013-12-18 14:23:31 +0300
Served asset /rails.validations.js - 304 Not Modified (2ms)


Started GET "/signout" for 127.0.0.1 at 2013-12-18 14:24:05 +0300
Processing by SessionsController#destroy as HTML
  [1m[35mUser Load (2.0ms)[0m  SELECT "users".* FROM "users" WHERE "users"."id" = 13 LIMIT 1
Redirected to http://localhost:3000/signin
Completed 302 Found in 7ms (ActiveRecord: 2.0ms)


Started GET "/signin" for 127.0.0.1 at 2013-12-18 14:24:05 +0300
Processing by SessionsController#new as HTML
  Rendered sessions/new.html.erb within layouts/application (4.0ms)
Completed 200 OK in 76ms (Views: 76.0ms | ActiveRecord: 0.0ms)


Started GET "/assets/application.css?body=1" for 127.0.0.1 at 2013-12-18 14:24:05 +0300
Served asset /application.css - 304 Not Modified (15ms)


Started GET "/assets/carts.css?body=1" for 127.0.0.1 at 2013-12-18 14:24:05 +0300
Served asset /carts.css - 304 Not Modified (1ms)


Started GET "/assets/check.css?body=1" for 127.0.0.1 at 2013-12-18 14:24:05 +0300
Served asset /check.css - 304 Not Modified (2ms)


Started GET "/assets/line_items.css?body=1" for 127.0.0.1 at 2013-12-18 14:24:05 +0300
Served asset /line_items.css - 304 Not Modified (4ms)


Started GET "/assets/pages.css?body=1" for 127.0.0.1 at 2013-12-18 14:24:05 +0300
Served asset /pages.css - 304 Not Modified (4ms)


Started GET "/assets/orders.css?body=1" for 127.0.0.1 at 2013-12-18 14:24:05 +0300
Served asset /orders.css - 304 Not Modified (0ms)


Started GET "/assets/posts.css?body=1" for 127.0.0.1 at 2013-12-18 14:24:05 +0300
Served asset /posts.css - 304 Not Modified (1ms)


Started GET "/assets/rides.css?body=1" for 127.0.0.1 at 2013-12-18 14:24:05 +0300
Served asset /rides.css - 304 Not Modified (0ms)


Started GET "/assets/scaffolds.css?body=1" for 127.0.0.1 at 2013-12-18 14:24:05 +0300
Served asset /scaffolds.css - 304 Not Modified (2ms)


Started GET "/assets/sessions.css?body=1" for 127.0.0.1 at 2013-12-18 14:24:05 +0300
Served asset /sessions.css - 304 Not Modified (1ms)


Started GET "/assets/types.css?body=1" for 127.0.0.1 at 2013-12-18 14:24:05 +0300
Served asset /types.css - 304 Not Modified (4ms)


Started GET "/assets/users.css?body=1" for 127.0.0.1 at 2013-12-18 14:24:05 +0300
Served asset /users.css - 304 Not Modified (0ms)


Started GET "/assets/weather.css?body=1" for 127.0.0.1 at 2013-12-18 14:24:06 +0300
Served asset /weather.css - 304 Not Modified (2ms)


Started GET "/assets/rails.validations.js?body=1" for 127.0.0.1 at 2013-12-18 14:24:06 +0300
Served asset /rails.validations.js - 304 Not Modified (2ms)


Started GET "/images/cap.JPG" for 127.0.0.1 at 2013-12-18 14:24:06 +0300

ActionController::RoutingError (No route matches [GET] "/images/cap.JPG"):
  actionpack (3.2.1) lib/action_dispatch/middleware/debug_exceptions.rb:21:in `call'
  actionpack (3.2.1) lib/action_dispatch/middleware/show_exceptions.rb:56:in `call'
  railties (3.2.1) lib/rails/rack/logger.rb:26:in `call_app'
  railties (3.2.1) lib/rails/rack/logger.rb:16:in `call'
  actionpack (3.2.1) lib/action_dispatch/middleware/request_id.rb:22:in `call'
  rack (1.4.5) lib/rack/methodoverride.rb:21:in `call'
  rack (1.4.5) lib/rack/runtime.rb:17:in `call'
  activesupport (3.2.1) lib/active_support/cache/strategy/local_cache.rb:72:in `call'
  rack (1.4.5) lib/rack/lock.rb:15:in `call'
  actionpack (3.2.1) lib/action_dispatch/middleware/static.rb:53:in `call'
  railties (3.2.1) lib/rails/engine.rb:479:in `call'
  railties (3.2.1) lib/rails/application.rb:220:in `call'
  rack (1.4.5) lib/rack/content_length.rb:14:in `call'
  railties (3.2.1) lib/rails/rack/log_tailer.rb:14:in `call'
  rack (1.4.5) lib/rack/handler/webrick.rb:59:in `service'
  C:/RailsInstaller/Ruby1.9.3/lib/ruby/1.9.1/webrick/httpserver.rb:138:in `service'
  C:/RailsInstaller/Ruby1.9.3/lib/ruby/1.9.1/webrick/httpserver.rb:94:in `run'
  C:/RailsInstaller/Ruby1.9.3/lib/ruby/1.9.1/webrick/server.rb:191:in `block in start_thread'


  Rendered C:/RailsInstaller/Ruby1.9.3/lib/ruby/gems/1.9.1/gems/actionpack-3.2.1/lib/action_dispatch/middleware/templates/rescues/routing_error.erb within rescues/layout (2.0ms)
